<?xml version="1.0" encoding="UTF-8"?>
<testsuite xmlns:xsi="http://www.w3.org/2001/XMLSchema-instance" xsi:noNamespaceSchemaLocation="https://maven.apache.org/surefire/maven-surefire-plugin/xsd/surefire-test-report.xsd" version="3.0.2" name="com.curso.blog.BlogJpaApplicationTests" time="12.196" tests="9" errors="0" skipped="0" failures="0">
  <properties>
[...]
</properties>
  <testcase name="crearUsuarioConPerfil" classname="com.curso.blog.BlogJpaApplicationTests" time="1.212">
    <system-out><![CDATA[22:34:06.937 [main] INFO org.springframework.test.context.support.AnnotationConfigContextLoaderUtils -- Could not detect default configuration classes for test class [com.curso.blog.BlogJpaApplicationTests]: BlogJpaApplicationTests does not declare any static, non-private, non-final, nested classes annotated with @Configuration.
22:34:07.199 [main] INFO org.springframework.boot.test.context.SpringBootTestContextBootstrapper -- Found @SpringBootConfiguration com.curso.blog.BlogJpaApplication for test class com.curso.blog.BlogJpaApplicationTests

  .   ____          _            __ _ _
 /\\ / ___'_ __ _ _(_)_ __  __ _ \ \ \ \
( ( )\___ | '_ | '_| | '_ \/ _` | \ \ \ \
 \\/  ___)| |_)| | | | | || (_| |  ) ) ) )
  '  |____| .__|_| |_|_| |_\__, | / / / /
 =========|_|==============|___/=/_/_/_/

 :: Spring Boot ::               (v3.5.11)

2026-03-18T22:34:08.056-03:00  INFO 15680 --- [blog-jpa] [           main] com.curso.blog.BlogJpaApplicationTests   : Starting BlogJpaApplicationTests using Java 20.0.1 with PID 15680 (started by reyna in C:\bootcamp_alkemy_java\blog-jpa)
2026-03-18T22:34:08.057-03:00 DEBUG 15680 --- [blog-jpa] [           main] com.curso.blog.BlogJpaApplicationTests   : Running with Spring Boot v3.5.11, Spring v6.2.16
2026-03-18T22:34:08.059-03:00  INFO 15680 --- [blog-jpa] [           main] com.curso.blog.BlogJpaApplicationTests   : The following 1 profile is active: "test"
2026-03-18T22:34:09.623-03:00  INFO 15680 --- [blog-jpa] [           main] .s.d.r.c.RepositoryConfigurationDelegate : Bootstrapping Spring Data JPA repositories in DEFAULT mode.
2026-03-18T22:34:09.790-03:00  INFO 15680 --- [blog-jpa] [           main] .s.d.r.c.RepositoryConfigurationDelegate : Finished Spring Data repository scanning in 152 ms. Found 4 JPA repository interfaces.
2026-03-18T22:34:10.810-03:00  INFO 15680 --- [blog-jpa] [           main] o.hibernate.jpa.internal.util.LogHelper  : HHH000204: Processing PersistenceUnitInfo [name: default]
2026-03-18T22:34:10.950-03:00  INFO 15680 --- [blog-jpa] [           main] org.hibernate.Version                    : HHH000412: Hibernate ORM core version 6.6.42.Final
2026-03-18T22:34:11.054-03:00  INFO 15680 --- [blog-jpa] [           main] o.h.c.internal.RegionFactoryInitiator    : HHH000026: Second-level cache disabled
2026-03-18T22:34:11.875-03:00  INFO 15680 --- [blog-jpa] [           main] o.s.o.j.p.SpringPersistenceUnitInfo      : No LoadTimeWeaver setup: ignoring JPA class transformer
2026-03-18T22:34:11.939-03:00  INFO 15680 --- [blog-jpa] [           main] com.zaxxer.hikari.HikariDataSource       : HikariPool-1 - Starting...
2026-03-18T22:34:12.272-03:00  INFO 15680 --- [blog-jpa] [           main] com.zaxxer.hikari.pool.HikariPool        : HikariPool-1 - Added connection conn0: url=jdbc:h2:mem:testdb user=SA
2026-03-18T22:34:12.274-03:00  INFO 15680 --- [blog-jpa] [           main] com.zaxxer.hikari.HikariDataSource       : HikariPool-1 - Start completed.
2026-03-18T22:34:12.309-03:00  WARN 15680 --- [blog-jpa] [           main] org.hibernate.orm.deprecation            : HHH90000025: H2Dialect does not need to be specified explicitly using 'hibernate.dialect' (remove the property setting and it will be selected by default)
2026-03-18T22:34:12.346-03:00  INFO 15680 --- [blog-jpa] [           main] org.hibernate.orm.connections.pooling    : HHH10001005: Database info:
	Database JDBC URL [Connecting through datasource 'HikariDataSource (HikariPool-1)']
	Database driver: undefined/unknown
	Database version: 2.3.232
	Autocommit mode: undefined/unknown
	Isolation level: undefined/unknown
	Minimum pool size: undefined/unknown
	Maximum pool size: undefined/unknown
2026-03-18T22:34:13.721-03:00  INFO 15680 --- [blog-jpa] [           main] o.h.e.t.j.p.i.JtaPlatformInitiator       : HHH000489: No JTA platform available (set 'hibernate.transaction.jta.platform' to enable JTA platform integration)
2026-03-18T22:34:13.747-03:00 DEBUG 15680 --- [blog-jpa] [           main] org.hibernate.SQL                        : 
    drop table if exists etiquetas cascade 
Hibernate: 
    drop table if exists etiquetas cascade 
2026-03-18T22:34:13.753-03:00 DEBUG 15680 --- [blog-jpa] [           main] org.hibernate.SQL                        : 
    drop table if exists perfiles cascade 
Hibernate: 
    drop table if exists perfiles cascade 
2026-03-18T22:34:13.754-03:00 DEBUG 15680 --- [blog-jpa] [           main] org.hibernate.SQL                        : 
    drop table if exists post_etiqueta cascade 
Hibernate: 
    drop table if exists post_etiqueta cascade 
2026-03-18T22:34:13.754-03:00 DEBUG 15680 --- [blog-jpa] [           main] org.hibernate.SQL                        : 
    drop table if exists post_etiqueta_detalle cascade 
Hibernate: 
    drop table if exists post_etiqueta_detalle cascade 
2026-03-18T22:34:13.754-03:00 DEBUG 15680 --- [blog-jpa] [           main] org.hibernate.SQL                        : 
    drop table if exists posts cascade 
Hibernate: 
    drop table if exists posts cascade 
2026-03-18T22:34:13.755-03:00 DEBUG 15680 --- [blog-jpa] [           main] org.hibernate.SQL                        : 
    drop table if exists usuarios cascade 
Hibernate: 
    drop table if exists usuarios cascade 
2026-03-18T22:34:13.763-03:00 DEBUG 15680 --- [blog-jpa] [           main] org.hibernate.SQL                        : 
    create table etiquetas (
        color varchar(7),
        id bigint generated by default as identity,
        nombre varchar(50) not null,
        primary key (id),
        constraint uk_etiqueta_nombre unique (nombre)
    )
Hibernate: 
    create table etiquetas (
        color varchar(7),
        id bigint generated by default as identity,
        nombre varchar(50) not null,
        primary key (id),
        constraint uk_etiqueta_nombre unique (nombre)
    )
2026-03-18T22:34:13.777-03:00 DEBUG 15680 --- [blog-jpa] [           main] org.hibernate.SQL                        : 
    create table perfiles (
        id bigint generated by default as identity,
        usuario_id bigint not null unique,
        ubicacion varchar(100),
        sitio_web varchar(200),
        foto_url varchar(500),
        bio TEXT,
        primary key (id)
    )
Hibernate: 
    create table perfiles (
        id bigint generated by default as identity,
        usuario_id bigint not null unique,
        ubicacion varchar(100),
        sitio_web varchar(200),
        foto_url varchar(500),
        bio TEXT,
        primary key (id)
    )
2026-03-18T22:34:13.777-03:00 DEBUG 15680 --- [blog-jpa] [           main] org.hibernate.SQL                        : 
    create table post_etiqueta (
        etiqueta_id bigint not null,
        post_id bigint not null,
        primary key (etiqueta_id, post_id)
    )
Hibernate: 
    create table post_etiqueta (
        etiqueta_id bigint not null,
        post_id bigint not null,
        primary key (etiqueta_id, post_id)
    )
2026-03-18T22:34:13.779-03:00 DEBUG 15680 --- [blog-jpa] [           main] org.hibernate.SQL                        : 
    create table post_etiqueta_detalle (
        fecha_aplicacion date not null,
        etiqueta_id bigint not null,
        post_id bigint not null,
        notas varchar(255),
        primary key (etiqueta_id, post_id)
    )
Hibernate: 
    create table post_etiqueta_detalle (
        fecha_aplicacion date not null,
        etiqueta_id bigint not null,
        post_id bigint not null,
        notas varchar(255),
        primary key (etiqueta_id, post_id)
    )
2026-03-18T22:34:13.780-03:00 DEBUG 15680 --- [blog-jpa] [           main] org.hibernate.SQL                        : 
    create table posts (
        autor_id bigint not null,
        fecha_actualizacion timestamp(6),
        fecha_creacion timestamp(6) not null,
        fecha_publicacion timestamp(6),
        id bigint generated by default as identity,
        resumen varchar(500),
        contenido LONGTEXT not null,
        titulo varchar(255) not null,
        estado enum ('ARCHIVADO','BORRADOR','PUBLICADO') not null,
        primary key (id)
    )
Hibernate: 
    create table posts (
        autor_id bigint not null,
        fecha_actualizacion timestamp(6),
        fecha_creacion timestamp(6) not null,
        fecha_publicacion timestamp(6),
        id bigint generated by default as identity,
        resumen varchar(500),
        contenido LONGTEXT not null,
        titulo varchar(255) not null,
        estado enum ('ARCHIVADO','BORRADOR','PUBLICADO') not null,
        primary key (id)
    )
2026-03-18T22:34:13.782-03:00 DEBUG 15680 --- [blog-jpa] [           main] org.hibernate.SQL                        : 
    create table usuarios (
        activo boolean not null,
        fecha_registro timestamp(6) not null,
        id bigint generated by default as identity,
        nombre varchar(100) not null,
        email varchar(150) not null,
        password varchar(255) not null,
        primary key (id),
        constraint uk_usuario_email unique (email)
    )
Hibernate: 
    create table usuarios (
        activo boolean not null,
        fecha_registro timestamp(6) not null,
        id bigint generated by default as identity,
        nombre varchar(100) not null,
        email varchar(150) not null,
        password varchar(255) not null,
        primary key (id),
        constraint uk_usuario_email unique (email)
    )
2026-03-18T22:34:13.783-03:00 DEBUG 15680 --- [blog-jpa] [           main] org.hibernate.SQL                        : 
    alter table if exists perfiles 
       add constraint fk_perfil_usuario 
       foreign key (usuario_id) 
       references usuarios
Hibernate: 
    alter table if exists perfiles 
       add constraint fk_perfil_usuario 
       foreign key (usuario_id) 
       references usuarios
2026-03-18T22:34:13.794-03:00 DEBUG 15680 --- [blog-jpa] [           main] org.hibernate.SQL                        : 
    alter table if exists post_etiqueta 
       add constraint fk_post_etiqueta_etiqueta 
       foreign key (etiqueta_id) 
       references etiquetas
Hibernate: 
    alter table if exists post_etiqueta 
       add constraint fk_post_etiqueta_etiqueta 
       foreign key (etiqueta_id) 
       references etiquetas
2026-03-18T22:34:13.797-03:00 DEBUG 15680 --- [blog-jpa] [           main] org.hibernate.SQL                        : 
    alter table if exists post_etiqueta 
       add constraint fk_post_etiqueta_post 
       foreign key (post_id) 
       references posts
Hibernate: 
    alter table if exists post_etiqueta 
       add constraint fk_post_etiqueta_post 
       foreign key (post_id) 
       references posts
2026-03-18T22:34:13.799-03:00 DEBUG 15680 --- [blog-jpa] [           main] org.hibernate.SQL                        : 
    alter table if exists post_etiqueta_detalle 
       add constraint fk_pe_detalle_etiqueta 
       foreign key (etiqueta_id) 
       references etiquetas
Hibernate: 
    alter table if exists post_etiqueta_detalle 
       add constraint fk_pe_detalle_etiqueta 
       foreign key (etiqueta_id) 
       references etiquetas
2026-03-18T22:34:13.800-03:00 DEBUG 15680 --- [blog-jpa] [           main] org.hibernate.SQL                        : 
    alter table if exists post_etiqueta_detalle 
       add constraint fk_pe_detalle_post 
       foreign key (post_id) 
       references posts
Hibernate: 
    alter table if exists post_etiqueta_detalle 
       add constraint fk_pe_detalle_post 
       foreign key (post_id) 
       references posts
2026-03-18T22:34:13.802-03:00 DEBUG 15680 --- [blog-jpa] [           main] org.hibernate.SQL                        : 
    alter table if exists posts 
       add constraint fk_post_autor 
       foreign key (autor_id) 
       references usuarios
Hibernate: 
    alter table if exists posts 
       add constraint fk_post_autor 
       foreign key (autor_id) 
       references usuarios
2026-03-18T22:34:13.809-03:00  INFO 15680 --- [blog-jpa] [           main] j.LocalContainerEntityManagerFactoryBean : Initialized JPA EntityManagerFactory for persistence unit 'default'
2026-03-18T22:34:14.513-03:00  INFO 15680 --- [blog-jpa] [           main] o.s.d.j.r.query.QueryEnhancerFactory     : Hibernate is in classpath; If applicable, HQL parser will be used.
2026-03-18T22:34:16.687-03:00  INFO 15680 --- [blog-jpa] [           main] o.s.b.a.h2.H2ConsoleAutoConfiguration    : H2 console available at '/h2-console'. Database available at 'jdbc:h2:mem:testdb'
2026-03-18T22:34:16.860-03:00  INFO 15680 --- [blog-jpa] [           main] com.curso.blog.BlogJpaApplicationTests   : Started BlogJpaApplicationTests in 9.361 seconds (process running for 11.203)
2026-03-18T22:34:17.705-03:00 DEBUG 15680 --- [blog-jpa] [           main] c.c.b.service.impl.UsuarioServiceImpl    : Creando usuario con email: test@blog.com
2026-03-18T22:34:17.845-03:00 DEBUG 15680 --- [blog-jpa] [           main] org.hibernate.SQL                        : 
    /* <criteria> */ select
        u1_0.id 
    from
        usuarios u1_0 
    where
        u1_0.email=? 
    fetch
        first ? rows only
Hibernate: 
    /* <criteria> */ select
        u1_0.id 
    from
        usuarios u1_0 
    where
        u1_0.email=? 
    fetch
        first ? rows only
2026-03-18T22:34:17.963-03:00 DEBUG 15680 --- [blog-jpa] [           main] org.hibernate.SQL                        : 
    /* insert for
        com.curso.blog.entity.Usuario */insert 
    into
        usuarios (activo, email, fecha_registro, nombre, password, id) 
    values
        (?, ?, ?, ?, ?, default)
Hibernate: 
    /* insert for
        com.curso.blog.entity.Usuario */insert 
    into
        usuarios (activo, email, fecha_registro, nombre, password, id) 
    values
        (?, ?, ?, ?, ?, default)
2026-03-18T22:34:17.997-03:00 DEBUG 15680 --- [blog-jpa] [           main] org.hibernate.SQL                        : 
    /* insert for
        com.curso.blog.entity.Perfil */insert 
    into
        perfiles (bio, foto_url, sitio_web, ubicacion, usuario_id, id) 
    values
        (?, ?, ?, ?, ?, default)
Hibernate: 
    /* insert for
        com.curso.blog.entity.Perfil */insert 
    into
        perfiles (bio, foto_url, sitio_web, ubicacion, usuario_id, id) 
    values
        (?, ?, ?, ?, ?, default)
2026-03-18T22:34:18.002-03:00  INFO 15680 --- [blog-jpa] [           main] c.c.b.service.impl.UsuarioServiceImpl    : Usuario creado con id: 1
]]></system-out>
  </testcase>
  <testcase name="noPermiteEmailDuplicado" classname="com.curso.blog.BlogJpaApplicationTests" time="0.07">
    <system-out><![CDATA[2026-03-18T22:34:18.154-03:00 DEBUG 15680 --- [blog-jpa] [           main] c.c.b.service.impl.UsuarioServiceImpl    : Creando usuario con email: duplicado@blog.com
2026-03-18T22:34:18.159-03:00 DEBUG 15680 --- [blog-jpa] [           main] org.hibernate.SQL                        : 
    /* <criteria> */ select
        u1_0.id 
    from
        usuarios u1_0 
    where
        u1_0.email=? 
    fetch
        first ? rows only
Hibernate: 
    /* <criteria> */ select
        u1_0.id 
    from
        usuarios u1_0 
    where
        u1_0.email=? 
    fetch
        first ? rows only
2026-03-18T22:34:18.165-03:00 DEBUG 15680 --- [blog-jpa] [           main] org.hibernate.SQL                        : 
    /* insert for
        com.curso.blog.entity.Usuario */insert 
    into
        usuarios (activo, email, fecha_registro, nombre, password, id) 
    values
        (?, ?, ?, ?, ?, default)
Hibernate: 
    /* insert for
        com.curso.blog.entity.Usuario */insert 
    into
        usuarios (activo, email, fecha_registro, nombre, password, id) 
    values
        (?, ?, ?, ?, ?, default)
2026-03-18T22:34:18.171-03:00 DEBUG 15680 --- [blog-jpa] [           main] org.hibernate.SQL                        : 
    /* insert for
        com.curso.blog.entity.Perfil */insert 
    into
        perfiles (bio, foto_url, sitio_web, ubicacion, usuario_id, id) 
    values
        (?, ?, ?, ?, ?, default)
Hibernate: 
    /* insert for
        com.curso.blog.entity.Perfil */insert 
    into
        perfiles (bio, foto_url, sitio_web, ubicacion, usuario_id, id) 
    values
        (?, ?, ?, ?, ?, default)
2026-03-18T22:34:18.174-03:00  INFO 15680 --- [blog-jpa] [           main] c.c.b.service.impl.UsuarioServiceImpl    : Usuario creado con id: 2
2026-03-18T22:34:18.176-03:00 DEBUG 15680 --- [blog-jpa] [           main] c.c.b.service.impl.UsuarioServiceImpl    : Creando usuario con email: duplicado@blog.com
2026-03-18T22:34:18.196-03:00 DEBUG 15680 --- [blog-jpa] [           main] org.hibernate.SQL                        : 
    /* <criteria> */ select
        u1_0.id 
    from
        usuarios u1_0 
    where
        u1_0.email=? 
    fetch
        first ? rows only
Hibernate: 
    /* <criteria> */ select
        u1_0.id 
    from
        usuarios u1_0 
    where
        u1_0.email=? 
    fetch
        first ? rows only
]]></system-out>
  </testcase>
  <testcase name="actualizarPerfil" classname="com.curso.blog.BlogJpaApplicationTests" time="0.1">
    <system-out><![CDATA[2026-03-18T22:34:18.225-03:00 DEBUG 15680 --- [blog-jpa] [           main] c.c.b.service.impl.UsuarioServiceImpl    : Creando usuario con email: ana@test.com
2026-03-18T22:34:18.238-03:00 DEBUG 15680 --- [blog-jpa] [           main] org.hibernate.SQL                        : 
    /* <criteria> */ select
        u1_0.id 
    from
        usuarios u1_0 
    where
        u1_0.email=? 
    fetch
        first ? rows only
Hibernate: 
    /* <criteria> */ select
        u1_0.id 
    from
        usuarios u1_0 
    where
        u1_0.email=? 
    fetch
        first ? rows only
2026-03-18T22:34:18.244-03:00 DEBUG 15680 --- [blog-jpa] [           main] org.hibernate.SQL                        : 
    /* insert for
        com.curso.blog.entity.Usuario */insert 
    into
        usuarios (activo, email, fecha_registro, nombre, password, id) 
    values
        (?, ?, ?, ?, ?, default)
Hibernate: 
    /* insert for
        com.curso.blog.entity.Usuario */insert 
    into
        usuarios (activo, email, fecha_registro, nombre, password, id) 
    values
        (?, ?, ?, ?, ?, default)
2026-03-18T22:34:18.249-03:00 DEBUG 15680 --- [blog-jpa] [           main] org.hibernate.SQL                        : 
    /* insert for
        com.curso.blog.entity.Perfil */insert 
    into
        perfiles (bio, foto_url, sitio_web, ubicacion, usuario_id, id) 
    values
        (?, ?, ?, ?, ?, default)
Hibernate: 
    /* insert for
        com.curso.blog.entity.Perfil */insert 
    into
        perfiles (bio, foto_url, sitio_web, ubicacion, usuario_id, id) 
    values
        (?, ?, ?, ?, ?, default)
2026-03-18T22:34:18.251-03:00  INFO 15680 --- [blog-jpa] [           main] c.c.b.service.impl.UsuarioServiceImpl    : Usuario creado con id: 3
2026-03-18T22:34:18.279-03:00 DEBUG 15680 --- [blog-jpa] [           main] org.hibernate.SQL                        : 
    /* SELECT
        u 
    FROM
        Usuario u 
    LEFT JOIN
        
    FETCH
        u.perfil 
    WHERE
        u.id = :id */ select
            u1_0.id,
            u1_0.activo,
            u1_0.email,
            u1_0.fecha_registro,
            u1_0.nombre,
            u1_0.password,
            p1_0.id,
            p1_0.bio,
            p1_0.foto_url,
            p1_0.sitio_web,
            p1_0.ubicacion,
            p1_0.usuario_id 
        from
            usuarios u1_0 
        left join
            perfiles p1_0 
                on u1_0.id=p1_0.usuario_id 
        where
            u1_0.id=?
Hibernate: 
    /* SELECT
        u 
    FROM
        Usuario u 
    LEFT JOIN
        
    FETCH
        u.perfil 
    WHERE
        u.id = :id */ select
            u1_0.id,
            u1_0.activo,
            u1_0.email,
            u1_0.fecha_registro,
            u1_0.nombre,
            u1_0.password,
            p1_0.id,
            p1_0.bio,
            p1_0.foto_url,
            p1_0.sitio_web,
            p1_0.ubicacion,
            p1_0.usuario_id 
        from
            usuarios u1_0 
        left join
            perfiles p1_0 
                on u1_0.id=p1_0.usuario_id 
        where
            u1_0.id=?
]]></system-out>
  </testcase>
  <testcase name="crearPostConAutor" classname="com.curso.blog.BlogJpaApplicationTests" time="0.071">
    <system-out><![CDATA[2026-03-18T22:34:18.322-03:00 DEBUG 15680 --- [blog-jpa] [           main] c.c.b.service.impl.UsuarioServiceImpl    : Creando usuario con email: luis@test.com
2026-03-18T22:34:18.324-03:00 DEBUG 15680 --- [blog-jpa] [           main] org.hibernate.SQL                        : 
    /* <criteria> */ select
        u1_0.id 
    from
        usuarios u1_0 
    where
        u1_0.email=? 
    fetch
        first ? rows only
Hibernate: 
    /* <criteria> */ select
        u1_0.id 
    from
        usuarios u1_0 
    where
        u1_0.email=? 
    fetch
        first ? rows only
2026-03-18T22:34:18.326-03:00 DEBUG 15680 --- [blog-jpa] [           main] org.hibernate.SQL                        : 
    /* insert for
        com.curso.blog.entity.Usuario */insert 
    into
        usuarios (activo, email, fecha_registro, nombre, password, id) 
    values
        (?, ?, ?, ?, ?, default)
Hibernate: 
    /* insert for
        com.curso.blog.entity.Usuario */insert 
    into
        usuarios (activo, email, fecha_registro, nombre, password, id) 
    values
        (?, ?, ?, ?, ?, default)
2026-03-18T22:34:18.329-03:00 DEBUG 15680 --- [blog-jpa] [           main] org.hibernate.SQL                        : 
    /* insert for
        com.curso.blog.entity.Perfil */insert 
    into
        perfiles (bio, foto_url, sitio_web, ubicacion, usuario_id, id) 
    values
        (?, ?, ?, ?, ?, default)
Hibernate: 
    /* insert for
        com.curso.blog.entity.Perfil */insert 
    into
        perfiles (bio, foto_url, sitio_web, ubicacion, usuario_id, id) 
    values
        (?, ?, ?, ?, ?, default)
2026-03-18T22:34:18.332-03:00  INFO 15680 --- [blog-jpa] [           main] c.c.b.service.impl.UsuarioServiceImpl    : Usuario creado con id: 4
2026-03-18T22:34:18.336-03:00 DEBUG 15680 --- [blog-jpa] [           main] c.c.blog.service.impl.PostServiceImpl    : Creando post: Mi primer post
2026-03-18T22:34:18.366-03:00 DEBUG 15680 --- [blog-jpa] [           main] org.hibernate.SQL                        : 
    /* insert for
        com.curso.blog.entity.Post */insert 
    into
        posts (autor_id, contenido, estado, fecha_actualizacion, fecha_creacion, fecha_publicacion, resumen, titulo, id) 
    values
        (?, ?, ?, ?, ?, ?, ?, ?, default)
Hibernate: 
    /* insert for
        com.curso.blog.entity.Post */insert 
    into
        posts (autor_id, contenido, estado, fecha_actualizacion, fecha_creacion, fecha_publicacion, resumen, titulo, id) 
    values
        (?, ?, ?, ?, ?, ?, ?, ?, default)
2026-03-18T22:34:18.372-03:00  INFO 15680 --- [blog-jpa] [           main] c.c.blog.service.impl.PostServiceImpl    : Post creado con id: 1
]]></system-out>
  </testcase>
  <testcase name="publicarPost" classname="com.curso.blog.BlogJpaApplicationTests" time="0.044">
    <system-out><![CDATA[2026-03-18T22:34:18.406-03:00 DEBUG 15680 --- [blog-jpa] [           main] c.c.b.service.impl.UsuarioServiceImpl    : Creando usuario con email: maria@test.com
2026-03-18T22:34:18.410-03:00 DEBUG 15680 --- [blog-jpa] [           main] org.hibernate.SQL                        : 
    /* <criteria> */ select
        u1_0.id 
    from
        usuarios u1_0 
    where
        u1_0.email=? 
    fetch
        first ? rows only
Hibernate: 
    /* <criteria> */ select
        u1_0.id 
    from
        usuarios u1_0 
    where
        u1_0.email=? 
    fetch
        first ? rows only
2026-03-18T22:34:18.415-03:00 DEBUG 15680 --- [blog-jpa] [           main] org.hibernate.SQL                        : 
    /* insert for
        com.curso.blog.entity.Usuario */insert 
    into
        usuarios (activo, email, fecha_registro, nombre, password, id) 
    values
        (?, ?, ?, ?, ?, default)
Hibernate: 
    /* insert for
        com.curso.blog.entity.Usuario */insert 
    into
        usuarios (activo, email, fecha_registro, nombre, password, id) 
    values
        (?, ?, ?, ?, ?, default)
2026-03-18T22:34:18.420-03:00 DEBUG 15680 --- [blog-jpa] [           main] org.hibernate.SQL                        : 
    /* insert for
        com.curso.blog.entity.Perfil */insert 
    into
        perfiles (bio, foto_url, sitio_web, ubicacion, usuario_id, id) 
    values
        (?, ?, ?, ?, ?, default)
Hibernate: 
    /* insert for
        com.curso.blog.entity.Perfil */insert 
    into
        perfiles (bio, foto_url, sitio_web, ubicacion, usuario_id, id) 
    values
        (?, ?, ?, ?, ?, default)
2026-03-18T22:34:18.423-03:00  INFO 15680 --- [blog-jpa] [           main] c.c.b.service.impl.UsuarioServiceImpl    : Usuario creado con id: 5
2026-03-18T22:34:18.423-03:00 DEBUG 15680 --- [blog-jpa] [           main] c.c.blog.service.impl.PostServiceImpl    : Creando post: Post a publicar
2026-03-18T22:34:18.426-03:00 DEBUG 15680 --- [blog-jpa] [           main] org.hibernate.SQL                        : 
    /* insert for
        com.curso.blog.entity.Post */insert 
    into
        posts (autor_id, contenido, estado, fecha_actualizacion, fecha_creacion, fecha_publicacion, resumen, titulo, id) 
    values
        (?, ?, ?, ?, ?, ?, ?, ?, default)
Hibernate: 
    /* insert for
        com.curso.blog.entity.Post */insert 
    into
        posts (autor_id, contenido, estado, fecha_actualizacion, fecha_creacion, fecha_publicacion, resumen, titulo, id) 
    values
        (?, ?, ?, ?, ?, ?, ?, ?, default)
2026-03-18T22:34:18.429-03:00  INFO 15680 --- [blog-jpa] [           main] c.c.blog.service.impl.PostServiceImpl    : Post creado con id: 2
2026-03-18T22:34:18.430-03:00  INFO 15680 --- [blog-jpa] [           main] c.c.blog.service.impl.PostServiceImpl    : Post 2 publicado
]]></system-out>
  </testcase>
  <testcase name="asociarEtiquetasAPost" classname="com.curso.blog.BlogJpaApplicationTests" time="0.132">
    <system-out><![CDATA[2026-03-18T22:34:18.443-03:00 DEBUG 15680 --- [blog-jpa] [           main] c.c.b.service.impl.UsuarioServiceImpl    : Creando usuario con email: pedro@test.com
2026-03-18T22:34:18.446-03:00 DEBUG 15680 --- [blog-jpa] [           main] org.hibernate.SQL                        : 
    /* <criteria> */ select
        u1_0.id 
    from
        usuarios u1_0 
    where
        u1_0.email=? 
    fetch
        first ? rows only
Hibernate: 
    /* <criteria> */ select
        u1_0.id 
    from
        usuarios u1_0 
    where
        u1_0.email=? 
    fetch
        first ? rows only
2026-03-18T22:34:18.451-03:00 DEBUG 15680 --- [blog-jpa] [           main] org.hibernate.SQL                        : 
    /* insert for
        com.curso.blog.entity.Usuario */insert 
    into
        usuarios (activo, email, fecha_registro, nombre, password, id) 
    values
        (?, ?, ?, ?, ?, default)
Hibernate: 
    /* insert for
        com.curso.blog.entity.Usuario */insert 
    into
        usuarios (activo, email, fecha_registro, nombre, password, id) 
    values
        (?, ?, ?, ?, ?, default)
2026-03-18T22:34:18.455-03:00 DEBUG 15680 --- [blog-jpa] [           main] org.hibernate.SQL                        : 
    /* insert for
        com.curso.blog.entity.Perfil */insert 
    into
        perfiles (bio, foto_url, sitio_web, ubicacion, usuario_id, id) 
    values
        (?, ?, ?, ?, ?, default)
Hibernate: 
    /* insert for
        com.curso.blog.entity.Perfil */insert 
    into
        perfiles (bio, foto_url, sitio_web, ubicacion, usuario_id, id) 
    values
        (?, ?, ?, ?, ?, default)
2026-03-18T22:34:18.461-03:00  INFO 15680 --- [blog-jpa] [           main] c.c.b.service.impl.UsuarioServiceImpl    : Usuario creado con id: 6
2026-03-18T22:34:18.494-03:00 DEBUG 15680 --- [blog-jpa] [           main] org.hibernate.SQL                        : 
    /* <criteria> */ select
        e1_0.id 
    from
        etiquetas e1_0 
    where
        upper(e1_0.nombre)=upper(?) 
    fetch
        first ? rows only
Hibernate: 
    /* <criteria> */ select
        e1_0.id 
    from
        etiquetas e1_0 
    where
        upper(e1_0.nombre)=upper(?) 
    fetch
        first ? rows only
2026-03-18T22:34:18.497-03:00 DEBUG 15680 --- [blog-jpa] [           main] org.hibernate.SQL                        : 
    /* insert for
        com.curso.blog.entity.Etiqueta */insert 
    into
        etiquetas (color, nombre, id) 
    values
        (?, ?, default)
Hibernate: 
    /* insert for
        com.curso.blog.entity.Etiqueta */insert 
    into
        etiquetas (color, nombre, id) 
    values
        (?, ?, default)
2026-03-18T22:34:18.505-03:00 DEBUG 15680 --- [blog-jpa] [           main] org.hibernate.SQL                        : 
    /* <criteria> */ select
        e1_0.id 
    from
        etiquetas e1_0 
    where
        upper(e1_0.nombre)=upper(?) 
    fetch
        first ? rows only
Hibernate: 
    /* <criteria> */ select
        e1_0.id 
    from
        etiquetas e1_0 
    where
        upper(e1_0.nombre)=upper(?) 
    fetch
        first ? rows only
2026-03-18T22:34:18.509-03:00 DEBUG 15680 --- [blog-jpa] [           main] org.hibernate.SQL                        : 
    /* insert for
        com.curso.blog.entity.Etiqueta */insert 
    into
        etiquetas (color, nombre, id) 
    values
        (?, ?, default)
Hibernate: 
    /* insert for
        com.curso.blog.entity.Etiqueta */insert 
    into
        etiquetas (color, nombre, id) 
    values
        (?, ?, default)
2026-03-18T22:34:18.511-03:00 DEBUG 15680 --- [blog-jpa] [           main] c.c.blog.service.impl.PostServiceImpl    : Creando post: Post con etiquetas
2026-03-18T22:34:18.522-03:00 DEBUG 15680 --- [blog-jpa] [           main] org.hibernate.SQL                        : 
    /* insert for
        com.curso.blog.entity.Post */insert 
    into
        posts (autor_id, contenido, estado, fecha_actualizacion, fecha_creacion, fecha_publicacion, resumen, titulo, id) 
    values
        (?, ?, ?, ?, ?, ?, ?, ?, default)
Hibernate: 
    /* insert for
        com.curso.blog.entity.Post */insert 
    into
        posts (autor_id, contenido, estado, fecha_actualizacion, fecha_creacion, fecha_publicacion, resumen, titulo, id) 
    values
        (?, ?, ?, ?, ?, ?, ?, ?, default)
2026-03-18T22:34:18.532-03:00 DEBUG 15680 --- [blog-jpa] [           main] org.hibernate.SQL                        : 
    /* <criteria> */ select
        e1_0.id,
        e1_0.color,
        e1_0.nombre 
    from
        etiquetas e1_0 
    where
        e1_0.id in (?, ?)
Hibernate: 
    /* <criteria> */ select
        e1_0.id,
        e1_0.color,
        e1_0.nombre 
    from
        etiquetas e1_0 
    where
        e1_0.id in (?, ?)
2026-03-18T22:34:18.547-03:00  INFO 15680 --- [blog-jpa] [           main] c.c.blog.service.impl.PostServiceImpl    : Post creado con id: 3
]]></system-out>
  </testcase>
  <testcase name="removerEtiquetaDePost" classname="com.curso.blog.BlogJpaApplicationTests" time="0.112">
    <system-out><![CDATA[2026-03-18T22:34:18.580-03:00 DEBUG 15680 --- [blog-jpa] [           main] c.c.b.service.impl.UsuarioServiceImpl    : Creando usuario con email: sofia@test.com
2026-03-18T22:34:18.582-03:00 DEBUG 15680 --- [blog-jpa] [           main] org.hibernate.SQL                        : 
    /* <criteria> */ select
        u1_0.id 
    from
        usuarios u1_0 
    where
        u1_0.email=? 
    fetch
        first ? rows only
Hibernate: 
    /* <criteria> */ select
        u1_0.id 
    from
        usuarios u1_0 
    where
        u1_0.email=? 
    fetch
        first ? rows only
2026-03-18T22:34:18.594-03:00 DEBUG 15680 --- [blog-jpa] [           main] org.hibernate.SQL                        : 
    /* insert for
        com.curso.blog.entity.Usuario */insert 
    into
        usuarios (activo, email, fecha_registro, nombre, password, id) 
    values
        (?, ?, ?, ?, ?, default)
Hibernate: 
    /* insert for
        com.curso.blog.entity.Usuario */insert 
    into
        usuarios (activo, email, fecha_registro, nombre, password, id) 
    values
        (?, ?, ?, ?, ?, default)
2026-03-18T22:34:18.602-03:00 DEBUG 15680 --- [blog-jpa] [           main] org.hibernate.SQL                        : 
    /* insert for
        com.curso.blog.entity.Perfil */insert 
    into
        perfiles (bio, foto_url, sitio_web, ubicacion, usuario_id, id) 
    values
        (?, ?, ?, ?, ?, default)
Hibernate: 
    /* insert for
        com.curso.blog.entity.Perfil */insert 
    into
        perfiles (bio, foto_url, sitio_web, ubicacion, usuario_id, id) 
    values
        (?, ?, ?, ?, ?, default)
2026-03-18T22:34:18.607-03:00  INFO 15680 --- [blog-jpa] [           main] c.c.b.service.impl.UsuarioServiceImpl    : Usuario creado con id: 7
2026-03-18T22:34:18.611-03:00 DEBUG 15680 --- [blog-jpa] [           main] org.hibernate.SQL                        : 
    /* <criteria> */ select
        e1_0.id 
    from
        etiquetas e1_0 
    where
        upper(e1_0.nombre)=upper(?) 
    fetch
        first ? rows only
Hibernate: 
    /* <criteria> */ select
        e1_0.id 
    from
        etiquetas e1_0 
    where
        upper(e1_0.nombre)=upper(?) 
    fetch
        first ? rows only
2026-03-18T22:34:18.614-03:00 DEBUG 15680 --- [blog-jpa] [           main] org.hibernate.SQL                        : 
    /* insert for
        com.curso.blog.entity.Etiqueta */insert 
    into
        etiquetas (color, nombre, id) 
    values
        (?, ?, default)
Hibernate: 
    /* insert for
        com.curso.blog.entity.Etiqueta */insert 
    into
        etiquetas (color, nombre, id) 
    values
        (?, ?, default)
2026-03-18T22:34:18.615-03:00 DEBUG 15680 --- [blog-jpa] [           main] c.c.blog.service.impl.PostServiceImpl    : Creando post: Post
2026-03-18T22:34:18.619-03:00 DEBUG 15680 --- [blog-jpa] [           main] org.hibernate.SQL                        : 
    /* insert for
        com.curso.blog.entity.Post */insert 
    into
        posts (autor_id, contenido, estado, fecha_actualizacion, fecha_creacion, fecha_publicacion, resumen, titulo, id) 
    values
        (?, ?, ?, ?, ?, ?, ?, ?, default)
Hibernate: 
    /* insert for
        com.curso.blog.entity.Post */insert 
    into
        posts (autor_id, contenido, estado, fecha_actualizacion, fecha_creacion, fecha_publicacion, resumen, titulo, id) 
    values
        (?, ?, ?, ?, ?, ?, ?, ?, default)
2026-03-18T22:34:18.627-03:00 DEBUG 15680 --- [blog-jpa] [           main] org.hibernate.SQL                        : 
    /* <criteria> */ select
        e1_0.id,
        e1_0.color,
        e1_0.nombre 
    from
        etiquetas e1_0 
    where
        e1_0.id in (?)
Hibernate: 
    /* <criteria> */ select
        e1_0.id,
        e1_0.color,
        e1_0.nombre 
    from
        etiquetas e1_0 
    where
        e1_0.id in (?)
2026-03-18T22:34:18.629-03:00  INFO 15680 --- [blog-jpa] [           main] c.c.blog.service.impl.PostServiceImpl    : Post creado con id: 4
2026-03-18T22:34:18.665-03:00 DEBUG 15680 --- [blog-jpa] [           main] org.hibernate.SQL                        : 
    /* insert for
        com.curso.blog.entity.Post.etiquetas */insert 
    into
        post_etiqueta (post_id, etiqueta_id) 
    values
        (?, ?)
Hibernate: 
    /* insert for
        com.curso.blog.entity.Post.etiquetas */insert 
    into
        post_etiqueta (post_id, etiqueta_id) 
    values
        (?, ?)
2026-03-18T22:34:18.667-03:00 DEBUG 15680 --- [blog-jpa] [           main] org.hibernate.SQL                        : 
    /* SELECT
        DISTINCT p 
    FROM
        Post p 
    LEFT JOIN
        
    FETCH
        p.autor a 
    LEFT JOIN
        
    FETCH
        p.etiquetas 
    WHERE
        p.id = :id */ select
            distinct p1_0.id,
            p1_0.autor_id,
            a1_0.id,
            a1_0.activo,
            a1_0.email,
            a1_0.fecha_registro,
            a1_0.nombre,
            a1_0.password,
            p1_0.contenido,
            p1_0.estado,
            e1_0.post_id,
            e1_1.id,
            e1_1.color,
            e1_1.nombre,
            p1_0.fecha_actualizacion,
            p1_0.fecha_creacion,
            p1_0.fecha_publicacion,
            p1_0.resumen,
            p1_0.titulo 
        from
            posts p1_0 
        left join
            usuarios a1_0 
                on a1_0.id=p1_0.autor_id 
        left join
            post_etiqueta e1_0 
                on p1_0.id=e1_0.post_id 
        left join
            etiquetas e1_1 
                on e1_1.id=e1_0.etiqueta_id 
        where
            p1_0.id=?
Hibernate: 
    /* SELECT
        DISTINCT p 
    FROM
        Post p 
    LEFT JOIN
        
    FETCH
        p.autor a 
    LEFT JOIN
        
    FETCH
        p.etiquetas 
    WHERE
        p.id = :id */ select
            distinct p1_0.id,
            p1_0.autor_id,
            a1_0.id,
            a1_0.activo,
            a1_0.email,
            a1_0.fecha_registro,
            a1_0.nombre,
            a1_0.password,
            p1_0.contenido,
            p1_0.estado,
            e1_0.post_id,
            e1_1.id,
            e1_1.color,
            e1_1.nombre,
            p1_0.fecha_actualizacion,
            p1_0.fecha_creacion,
            p1_0.fecha_publicacion,
            p1_0.resumen,
            p1_0.titulo 
        from
            posts p1_0 
        left join
            usuarios a1_0 
                on a1_0.id=p1_0.autor_id 
        left join
            post_etiqueta e1_0 
                on p1_0.id=e1_0.post_id 
        left join
            etiquetas e1_1 
                on e1_1.id=e1_0.etiqueta_id 
        where
            p1_0.id=?
]]></system-out>
  </testcase>
  <testcase name="noEliminaEtiquetaEnUso" classname="com.curso.blog.BlogJpaApplicationTests" time="0.064">
    <system-out><![CDATA[2026-03-18T22:34:18.704-03:00 DEBUG 15680 --- [blog-jpa] [           main] c.c.b.service.impl.UsuarioServiceImpl    : Creando usuario con email: carlos@test.com
2026-03-18T22:34:18.707-03:00 DEBUG 15680 --- [blog-jpa] [           main] org.hibernate.SQL                        : 
    /* <criteria> */ select
        u1_0.id 
    from
        usuarios u1_0 
    where
        u1_0.email=? 
    fetch
        first ? rows only
Hibernate: 
    /* <criteria> */ select
        u1_0.id 
    from
        usuarios u1_0 
    where
        u1_0.email=? 
    fetch
        first ? rows only
2026-03-18T22:34:18.719-03:00 DEBUG 15680 --- [blog-jpa] [           main] org.hibernate.SQL                        : 
    /* insert for
        com.curso.blog.entity.Usuario */insert 
    into
        usuarios (activo, email, fecha_registro, nombre, password, id) 
    values
        (?, ?, ?, ?, ?, default)
Hibernate: 
    /* insert for
        com.curso.blog.entity.Usuario */insert 
    into
        usuarios (activo, email, fecha_registro, nombre, password, id) 
    values
        (?, ?, ?, ?, ?, default)
2026-03-18T22:34:18.722-03:00 DEBUG 15680 --- [blog-jpa] [           main] org.hibernate.SQL                        : 
    /* insert for
        com.curso.blog.entity.Perfil */insert 
    into
        perfiles (bio, foto_url, sitio_web, ubicacion, usuario_id, id) 
    values
        (?, ?, ?, ?, ?, default)
Hibernate: 
    /* insert for
        com.curso.blog.entity.Perfil */insert 
    into
        perfiles (bio, foto_url, sitio_web, ubicacion, usuario_id, id) 
    values
        (?, ?, ?, ?, ?, default)
2026-03-18T22:34:18.725-03:00  INFO 15680 --- [blog-jpa] [           main] c.c.b.service.impl.UsuarioServiceImpl    : Usuario creado con id: 8
2026-03-18T22:34:18.731-03:00 DEBUG 15680 --- [blog-jpa] [           main] org.hibernate.SQL                        : 
    /* <criteria> */ select
        e1_0.id 
    from
        etiquetas e1_0 
    where
        upper(e1_0.nombre)=upper(?) 
    fetch
        first ? rows only
Hibernate: 
    /* <criteria> */ select
        e1_0.id 
    from
        etiquetas e1_0 
    where
        upper(e1_0.nombre)=upper(?) 
    fetch
        first ? rows only
2026-03-18T22:34:18.734-03:00 DEBUG 15680 --- [blog-jpa] [           main] org.hibernate.SQL                        : 
    /* insert for
        com.curso.blog.entity.Etiqueta */insert 
    into
        etiquetas (color, nombre, id) 
    values
        (?, ?, default)
Hibernate: 
    /* insert for
        com.curso.blog.entity.Etiqueta */insert 
    into
        etiquetas (color, nombre, id) 
    values
        (?, ?, default)
2026-03-18T22:34:18.735-03:00 DEBUG 15680 --- [blog-jpa] [           main] c.c.blog.service.impl.PostServiceImpl    : Creando post: Post MySQL
2026-03-18T22:34:18.739-03:00 DEBUG 15680 --- [blog-jpa] [           main] org.hibernate.SQL                        : 
    /* insert for
        com.curso.blog.entity.Post */insert 
    into
        posts (autor_id, contenido, estado, fecha_actualizacion, fecha_creacion, fecha_publicacion, resumen, titulo, id) 
    values
        (?, ?, ?, ?, ?, ?, ?, ?, default)
Hibernate: 
    /* insert for
        com.curso.blog.entity.Post */insert 
    into
        posts (autor_id, contenido, estado, fecha_actualizacion, fecha_creacion, fecha_publicacion, resumen, titulo, id) 
    values
        (?, ?, ?, ?, ?, ?, ?, ?, default)
2026-03-18T22:34:18.742-03:00 DEBUG 15680 --- [blog-jpa] [           main] org.hibernate.SQL                        : 
    /* <criteria> */ select
        e1_0.id,
        e1_0.color,
        e1_0.nombre 
    from
        etiquetas e1_0 
    where
        e1_0.id in (?)
Hibernate: 
    /* <criteria> */ select
        e1_0.id,
        e1_0.color,
        e1_0.nombre 
    from
        etiquetas e1_0 
    where
        e1_0.id in (?)
2026-03-18T22:34:18.747-03:00  INFO 15680 --- [blog-jpa] [           main] c.c.blog.service.impl.PostServiceImpl    : Post creado con id: 5
]]></system-out>
  </testcase>
  <testcase name="recursosNoExistentes" classname="com.curso.blog.BlogJpaApplicationTests" time="0.035">
    <system-out><![CDATA[2026-03-18T22:34:18.791-03:00 DEBUG 15680 --- [blog-jpa] [           main] org.hibernate.SQL                        : 
    /* SELECT
        u 
    FROM
        Usuario u 
    LEFT JOIN
        
    FETCH
        u.perfil 
    WHERE
        u.id = :id */ select
            u1_0.id,
            u1_0.activo,
            u1_0.email,
            u1_0.fecha_registro,
            u1_0.nombre,
            u1_0.password,
            p1_0.id,
            p1_0.bio,
            p1_0.foto_url,
            p1_0.sitio_web,
            p1_0.ubicacion,
            p1_0.usuario_id 
        from
            usuarios u1_0 
        left join
            perfiles p1_0 
                on u1_0.id=p1_0.usuario_id 
        where
            u1_0.id=?
Hibernate: 
    /* SELECT
        u 
    FROM
        Usuario u 
    LEFT JOIN
        
    FETCH
        u.perfil 
    WHERE
        u.id = :id */ select
            u1_0.id,
            u1_0.activo,
            u1_0.email,
            u1_0.fecha_registro,
            u1_0.nombre,
            u1_0.password,
            p1_0.id,
            p1_0.bio,
            p1_0.foto_url,
            p1_0.sitio_web,
            p1_0.ubicacion,
            p1_0.usuario_id 
        from
            usuarios u1_0 
        left join
            perfiles p1_0 
                on u1_0.id=p1_0.usuario_id 
        where
            u1_0.id=?
2026-03-18T22:34:18.795-03:00 DEBUG 15680 --- [blog-jpa] [           main] org.hibernate.SQL                        : 
    /* SELECT
        DISTINCT p 
    FROM
        Post p 
    LEFT JOIN
        
    FETCH
        p.autor a 
    LEFT JOIN
        
    FETCH
        p.etiquetas 
    WHERE
        p.id = :id */ select
            distinct p1_0.id,
            p1_0.autor_id,
            a1_0.id,
            a1_0.activo,
            a1_0.email,
            a1_0.fecha_registro,
            a1_0.nombre,
            a1_0.password,
            p1_0.contenido,
            p1_0.estado,
            e1_0.post_id,
            e1_1.id,
            e1_1.color,
            e1_1.nombre,
            p1_0.fecha_actualizacion,
            p1_0.fecha_creacion,
            p1_0.fecha_publicacion,
            p1_0.resumen,
            p1_0.titulo 
        from
            posts p1_0 
        left join
            usuarios a1_0 
                on a1_0.id=p1_0.autor_id 
        left join
            post_etiqueta e1_0 
                on p1_0.id=e1_0.post_id 
        left join
            etiquetas e1_1 
                on e1_1.id=e1_0.etiqueta_id 
        where
            p1_0.id=?
Hibernate: 
    /* SELECT
        DISTINCT p 
    FROM
        Post p 
    LEFT JOIN
        
    FETCH
        p.autor a 
    LEFT JOIN
        
    FETCH
        p.etiquetas 
    WHERE
        p.id = :id */ select
            distinct p1_0.id,
            p1_0.autor_id,
            a1_0.id,
            a1_0.activo,
            a1_0.email,
            a1_0.fecha_registro,
            a1_0.nombre,
            a1_0.password,
            p1_0.contenido,
            p1_0.estado,
            e1_0.post_id,
            e1_1.id,
            e1_1.color,
            e1_1.nombre,
            p1_0.fecha_actualizacion,
            p1_0.fecha_creacion,
            p1_0.fecha_publicacion,
            p1_0.resumen,
            p1_0.titulo 
        from
            posts p1_0 
        left join
            usuarios a1_0 
                on a1_0.id=p1_0.autor_id 
        left join
            post_etiqueta e1_0 
                on p1_0.id=e1_0.post_id 
        left join
            etiquetas e1_1 
                on e1_1.id=e1_0.etiqueta_id 
        where
            p1_0.id=?
]]></system-out>
  </testcase>
</testsuite>